
xv6 kernel is booting

hart 2 starting
hart 1 starting
init: starting sh
$ usertests
usertests starting
test manywrites: OK
test execout: OK
test copyin: OK
test copyout: OK
test copyinstr1: OK
test copyinstr2: OK
test copyinstr3: OK
test rwsbrk: OK
test truncate1: OK
test truncate2: OK
test truncate3: OK
test reparent2: OK
test pgbug: OK
test sbrkbugs: usertrap(): unexpected scause 0x000000000000000c pid=3240
            sepc=0x00000000000056a4 stval=0x00000000000056a4
usertrap(): unexpected scause 0x000000000000000c pid=3241
            sepc=0x00000000000056a4 stval=0x00000000000056a4
OK
test badarg: OK
test reparent: OK
test twochildren: OK
test forkfork: OK
test forkforkfork: OK
test argptest: OK
test createdelete: OK
test linkunlink: OK
test linktest: OK
test unlinkread: OK
test concreate: OK
test subdir: OK
test fourfiles: OK
test sharedfd: OK
test dirtest: OK
test exectest: OK
test bigargtest: OK
test bigwrite: OK
test bsstest: OK
test sbrkbasic: OK
test sbrkmuch: OK
test kernmem: OK
test sbrkfail: qemu-system-riscv64: terminating on signal 15 from pid 41749 (make)
